Vivado Simulator 2019.2
Copyright 1986-1999, 2001-2019 Xilinx, Inc. All Rights Reserved.
Running: C:/Xilinx/Vivado/2019.2/bin/unwrapped/win64.o/xelab.exe -wto f684aff78de04e239ad4ba2a388efdac --incr --debug typical --relax --mt 2 -L xil_defaultlib -L unisims_ver -L secureip --snapshot top_i2c_lcd_func_synth xil_defaultlib.top_i2c_lcd xil_defaultlib.glbl -log elaborate.log 
Using 2 slave threads.
Starting static elaboration
Pass Through NonSizing Optimizer
Completed static elaboration
Starting simulation data flow analysis
Completed simulation data flow analysis
Time Resolution for simulation is 1ps
Compiling module unisims_ver.LUT4
Compiling module unisims_ver.LUT5
Compiling module unisims_ver.LUT6
Compiling module unisims_ver.FDCE(IS_C_INVERTED=1'b1)
Compiling module xil_defaultlib.edge_detector_n_7
Compiling module unisims_ver.x_lut2_mux4
Compiling module unisims_ver.LUT2
Compiling module xil_defaultlib.edge_detector_n_8
Compiling module unisims_ver.FDCE_default
Compiling module unisims_ver.x_lut1_mux2
Compiling module unisims_ver.LUT1
Compiling module unisims_ver.FDRE_default
Compiling module unisims_ver.CARRY4
Compiling module xil_defaultlib.buttonControl
Compiling module unisims_ver.x_lut3_mux8
Compiling module unisims_ver.LUT3
Compiling module xil_defaultlib.edge_detector_n_0
Compiling module xil_defaultlib.edge_detector_n_3
Compiling module xil_defaultlib.edge_detector_n_4
Compiling module xil_defaultlib.edge_detector_n_6
Compiling module xil_defaultlib.clock_div_100_5
Compiling module unisims_ver.FDPE_default
Compiling module unisims_ver.FDPE(IS_C_INVERTED=1'b1)
Compiling module xil_defaultlib.i2c_master
Compiling module xil_defaultlib.edge_detector_n_2
Compiling module xil_defaultlib.clock_div_100_1
Compiling module xil_defaultlib.i2cLcdController
Compiling module xil_defaultlib.edge_detector_n
Compiling module xil_defaultlib.clock_div_100
Compiling module unisims_ver.IBUF
Compiling module unisims_ver.BUFG
Compiling module unisims_ver.OBUF
Compiling module unisims_ver.OBUFT
Compiling module xil_defaultlib.top_i2c_lcd
Compiling module xil_defaultlib.glbl
Built simulation snapshot top_i2c_lcd_func_synth
